[?1000h[?1049h[?1h=[1;28r[?12;25h[?12l[?25h[27m[m[H[2J[?25l[28;1H"./test/testSBP3D.cpp" 80L, 2930C[1;1H[38;5;130m  1 [m[35m#include [m[31m"Image.h"[m
[38;5;130m  2 [m[35m#include [m[31m"AnaImage.h"[m
[38;5;130m  3 [m[35m#include [m[31m"NumCurve.h"[m
[38;5;130m  4 [m[35m#include [m[31m"NumSurface.h"[m
[38;5;130m  5 [m[35m#include [m[31m"NumVolume.h"[m
[38;5;130m  6 [m[35m#include [m[31m"Surface.h"[m
[38;5;130m  7 [m[35m#include [m[31m"Trapezoid.h"[m
[38;5;130m  8 [m[35m#include [m[31m"Romberg.h"[m
[38;5;130m  9 [m[35m#include [m[31m"MCIntegrator.h"[m
[38;5;130m 10 [m[35m#include [m[31m"FilteredBackProjection.h"[m
[38;5;130m 11 [m[35m#include [m[31m"TestFunctions.h"[m
[38;5;130m 12 [m[35m#include [m[31m"globals.h"[m
[38;5;130m 13 [m[35m#include [m[31m<math.h>[m
[38;5;130m 14 [m[35m#include [m[31m<stdlib.h>[m
[38;5;130m 15 [m[35m#include [m[31m<stdio.h>[m
[38;5;130m 16 [m[35m#include [m[31m<iostream>[m
[38;5;130m 17 using[m [32mnamespace[m std;
[38;5;130m 18 
 19 [m[32mint[m main([32mint[m argc, [32mchar[m* argv[]){
[38;5;130m 20 
 21 [m    [32mdouble[m range = [31m2[m;   [34m// range of the geometry[m
[38;5;130m 22 [m    [32mconst[m [32mint[m size= [31m5[m;  [34m// number of view per slice[m
[38;5;130m 23 [m    [32mconst[m [32mint[m slice=[31m5[m; [34m// number of projected horizontal slice[m
[38;5;130m 24 [m    [32mconst[m [32mint[m sizeT = size*slice; [34m// total number of view[m
[38;5;130m 25 [m    [32mconst[m [32mint[m Nres=[31m50[m;[34m// resolution/ N of point in the projected curve.[m
[38;5;130m 26 [m    [32mdouble[m angle[sizeT]; [34m// array containing sizeT angles.[m
[38;5;130m 27 [m    [32mdouble[m height[slice]; [34m// array containing height.[1;5H[?12l[?25h[?25l[m[28;1HType  :quit<Enter>  to exit Vim[28;32H[K[1;5H[?12l[?25h[2;5H[3;5H[4;5H[5;5H[?25l[?12l[?25h[?25l[?12l[?25h[6;5H[7;5H[28;1H[?1000l[?1l>[?1049lVim: Error reading input, exiting...
Vim: Finished.
[28;1H[J